<div xmlns:xsi="http://www.w3.org/2001/XMLSchema-instance" xsi:schemaLocation="http://www.w3.org/1999/xhtml ../../schema/xhtml1-strict.xsd" xmlns="http://www.w3.org/1999/xhtml">

<!--<h2>
Notes:
</h2>
<ul>
<li>Note here</li>
</ul>  -->

<!-- other sections

<a name="Section"></a> 
<h2>Section</h2>
<p>
  Content. etc.
</p>
--></div>
