<div xmlns:xsi="http://www.w3.org/2001/XMLSchema-instance" xsi:schemaLocation="http://www.w3.org/1999/xhtml ../../schema/xhtml1-strict.xsd" xmlns="http://www.w3.org/1999/xhtml">

<p>
This resource is defined for use by the FHIR team to test publication tooling and the reference platform. This is not for use in production systems.
</p>

</div>
